Removed Pin From Net: NetName=MISO Pin=P1-1
Removed Pin From Net: NetName=5V Pin=P1-2
Removed Pin From Net: NetName=SCK Pin=P1-3
Removed Pin From Net: NetName=MOSI Pin=P1-4
Removed Pin From Net: NetName=RESET Pin=P1-5
Removed Pin From Net: NetName=GND Pin=P1-6
Removed Member From Class: ClassName=Sheet_MachMQ3 Member=P1
Change Component Footprint: Designator=SW1 Old Footprint=SW_2ARS_TH New Footprint=SW2
Change Component Comment : Designator=SW1 Old Comment=SWITCH 10A-2PIN New Comment=SW
Change component parameters: Designator = "SW1" ("SW1"); Footprint = "SW_2ARS_TH"; UniqueID = "\XJAWGYAO" ("\XJAWGYAO")
Change component parameters (AddParameter): Name = "Value"; Value = "SW chip 2 pin"; VariantName = "[No Variations]"
Added Component: Designator=JP2(JP 2x5 DT)
Add component (AddParameter): Name = "Chung_Loai"; Value = "C?m"; VariantName = "[No Variations]"
Add component (AddParameter): Name = "Don_Vi"; Value = "Con"; VariantName = "[No Variations]"
Add component (AddParameter): Name = "Ghi_Chu"; Value = ""; VariantName = "[No Variations]"
Add component (AddParameter): Name = "Kieu_Chan"; Value = ""; VariantName = "[No Variations]"
Add component (AddParameter): Name = "Ma_Hang"; Value = "MH002686"; VariantName = "[No Variations]"
Add component (AddParameter): Name = "Ten_Linh_Kien"; Value = "Jump ą¶i ą?c 2.54MM 2x40P Th?ng 11MM"; VariantName = "[No Variations]"
Added Pin To Net: NetName=MOSI Pin=JP2-1
Added Pin To Net: NetName=RESET Pin=JP2-3
Added Pin To Net: NetName=SCK Pin=JP2-4
Added Pin To Net: NetName=MISO Pin=JP2-5
Added Pin To Net: NetName=GND Pin=JP2-6
Added Pin To Net: NetName=GND Pin=JP2-7
Added Pin To Net: NetName=GND Pin=JP2-8
Added Pin To Net: NetName=GND Pin=JP2-9
Added Pin To Net: NetName=5V Pin=JP2-10
Added Member To Class: ClassName=Sheet_MachMQ3 Member=Component JP2 JP 2x5 2.54
