Replace Part C1 Tu gom 104 50V in D:\Altium\PCB_Project_MachCamBienMQ3\Sheet_MachMQ3.SchDoc with Tu gom 104 50V from Capacitor.SchLib
Replace Part C2 Tu gom 104 50V in D:\Altium\PCB_Project_MachCamBienMQ3\Sheet_MachMQ3.SchDoc with Tu gom 104 50V from Capacitor.SchLib
Replace Part C3 Tu gom 22pF 50V in D:\Altium\PCB_Project_MachCamBienMQ3\Sheet_MachMQ3.SchDoc with Tu gom 22pF 50V from Capacitor.SchLib
Replace Part C4 Tu gom 22pF 50V in D:\Altium\PCB_Project_MachCamBienMQ3\Sheet_MachMQ3.SchDoc with Tu gom 22pF 50V from Capacitor.SchLib
Replace Part C5 Tu Hoa 470uF 16V 8x11 in D:\Altium\PCB_Project_MachCamBienMQ3\Sheet_MachMQ3.SchDoc with Tu Hoa 470uF 16V 8x11 from Capacitor.SchLib
Replace Part C6 Tu Hoa 47uF 16V 5x10 in D:\Altium\PCB_Project_MachCamBienMQ3\Sheet_MachMQ3.SchDoc with Tu Hoa 47uF 16V 5x10 from Capacitor.SchLib
Replace Part C7 Tu gom 104 50V in D:\Altium\PCB_Project_MachCamBienMQ3\Sheet_MachMQ3.SchDoc with Tu gom 104 50V from Capacitor.SchLib
Replace Part C8 Tu gom 104 50V in D:\Altium\PCB_Project_MachCamBienMQ3\Sheet_MachMQ3.SchDoc with Tu gom 104 50V from Capacitor.SchLib
Replace Part C9 Tu gom 104 50V in D:\Altium\PCB_Project_MachCamBienMQ3\Sheet_MachMQ3.SchDoc with Tu gom 104 50V from Capacitor.SchLib
Replace Part D1 D1A in D:\Altium\PCB_Project_MachCamBienMQ3\Sheet_MachMQ3.SchDoc with D1A from My Library.SchLib
Replace Part IC1 ATmega16A-PU in D:\Altium\PCB_Project_MachCamBienMQ3\Sheet_MachMQ3.SchDoc with ATmega16A-PU from My Library.SchLib
Replace Part IC2 LM78xx in D:\Altium\PCB_Project_MachCamBienMQ3\Sheet_MachMQ3.SchDoc with LM78xx from My Library.SchLib
Replace Part JACK DC1 JACK DC 5.5 in D:\Altium\PCB_Project_MachCamBienMQ3\Sheet_MachMQ3.SchDoc with JACK DC 5.5 from Component.SchLib
Replace Part JP1 JP 1x4 2.54 Cai Thang in D:\Altium\PCB_Project_MachCamBienMQ3\Sheet_MachMQ3.SchDoc with JP 1x4 2.54 Cai Thang from Jump.SchLib
Replace Part JP2 JP 2x5 2.54 Duc Thang in D:\Altium\PCB_Project_MachCamBienMQ3\Sheet_MachMQ3.SchDoc with JP 2x5 2.54 Duc Thang from Jump.SchLib
Replace Part JP3 JP 1x4 2.54 Cai Cong in D:\Altium\PCB_Project_MachCamBienMQ3\Sheet_MachMQ3.SchDoc with JP 1x4 2.54 Cai Cong from Jump.SchLib
Replace Part L1 CUON CAM 100uH DIP in D:\Altium\PCB_Project_MachCamBienMQ3\Sheet_MachMQ3.SchDoc with CUON CAM 100uH DIP from Inductor.SchLib
Replace Part LED1 LED in D:\Altium\PCB_Project_MachCamBienMQ3\Sheet_MachMQ3.SchDoc with LED from LIBRARY.IntLib
Replace Part LED2 LED in D:\Altium\PCB_Project_MachCamBienMQ3\Sheet_MachMQ3.SchDoc with LED from LIBRARY.IntLib
Replace Part LS1 Coi Chip Speaker in D:\Altium\PCB_Project_MachCamBienMQ3\Sheet_MachMQ3.SchDoc with Coi Chip Speaker from Component.SchLib
Replace Part Q1 2N222 in D:\Altium\PCB_Project_MachCamBienMQ3\Sheet_MachMQ3.SchDoc with 2N222 from LIBRARY.IntLib
Replace Part R1 Tro Vach 1/2W 5% 330R in D:\Altium\PCB_Project_MachCamBienMQ3\Sheet_MachMQ3.SchDoc with Tro Vach 1/2W 5% 330R from Resistor.SchLib
Replace Part R2 Tro Vach 1/2W 5% 1k in D:\Altium\PCB_Project_MachCamBienMQ3\Sheet_MachMQ3.SchDoc with Tro Vach 1/2W 5% 1k from Resistor.SchLib
Replace Part R3 Tro Vach 1/2W 5% 10k in D:\Altium\PCB_Project_MachCamBienMQ3\Sheet_MachMQ3.SchDoc with Tro Vach 1/2W 5% 10k from Resistor.SchLib
Replace Part R4 Tro Vach 1/2W 5% 330R in D:\Altium\PCB_Project_MachCamBienMQ3\Sheet_MachMQ3.SchDoc with Tro Vach 1/2W 5% 330R from Resistor.SchLib
Replace Part SW1 SW2 in D:\Altium\PCB_Project_MachCamBienMQ3\Sheet_MachMQ3.SchDoc with SW2 from Library AL.IntLib
Replace Part Y1 Thach Anh 2 chan Cam in D:\Altium\PCB_Project_MachCamBienMQ3\Sheet_MachMQ3.SchDoc with Thach Anh 2 chan Cam from Component.SchLib
